0 info it worked if it ends with ok
1 verbose cli [ '/usr/local/opt/nvm/v0.10.30/bin/node',
1 verbose cli   '/usr/local/opt/nvm/v0.10.30/bin/npm',
1 verbose cli   'install',
1 verbose cli   '-g',
1 verbose cli   'node-webkit' ]
2 info using npm@1.4.21
3 info using node@v0.10.30
4 verbose node symlink /usr/local/opt/nvm/v0.10.30/bin/node
5 verbose cache add [ 'node-webkit', null ]
6 verbose cache add name=undefined spec="node-webkit" args=["node-webkit",null]
7 verbose parsed url { protocol: null,
7 verbose parsed url   slashes: null,
7 verbose parsed url   auth: null,
7 verbose parsed url   host: null,
7 verbose parsed url   port: null,
7 verbose parsed url   hostname: null,
7 verbose parsed url   hash: null,
7 verbose parsed url   search: null,
7 verbose parsed url   query: null,
7 verbose parsed url   pathname: 'node-webkit',
7 verbose parsed url   path: 'node-webkit',
7 verbose parsed url   href: 'node-webkit' }
8 silly lockFile 671c93df-node-webkit node-webkit
9 verbose lock node-webkit /Users/dansitu/.npm/671c93df-node-webkit.lock
10 silly lockFile 671c93df-node-webkit node-webkit
11 silly lockFile 671c93df-node-webkit node-webkit
12 verbose addNamed [ 'node-webkit', '' ]
13 verbose addNamed [ null, '*' ]
14 silly lockFile 0a8a37b3-node-webkit node-webkit@
15 verbose lock node-webkit@ /Users/dansitu/.npm/0a8a37b3-node-webkit.lock
16 silly addNameRange { name: 'node-webkit', range: '*', hasData: false }
17 verbose request where is /node-webkit
18 verbose request registry https://registry.npmjs.org/
19 verbose request id 28674bd9500de656
20 verbose url raw /node-webkit
21 verbose url resolving [ 'https://registry.npmjs.org/', './node-webkit' ]
22 verbose url resolved https://registry.npmjs.org/node-webkit
23 verbose request where is https://registry.npmjs.org/node-webkit
24 info trying registry request attempt 1 at 11:24:15
25 http GET https://registry.npmjs.org/node-webkit
26 http 404 https://registry.npmjs.org/node-webkit
27 verbose headers { date: 'Sat, 11 Oct 2014 18:24:14 GMT',
27 verbose headers   server: 'CouchDB/1.5.0 (Erlang OTP/R16B03)',
27 verbose headers   'content-type': 'application/json',
27 verbose headers   'cache-control': 'max-age=0',
27 verbose headers   'content-length': '52',
27 verbose headers   'accept-ranges': 'bytes',
27 verbose headers   via: '1.1 varnish',
27 verbose headers   age: '0',
27 verbose headers   'x-served-by': 'cache-sjc3121-SJC',
27 verbose headers   'x-cache': 'MISS',
27 verbose headers   'x-cache-hits': '0',
27 verbose headers   'x-timer': 'S1413051854.621323,VS0,VE152',
27 verbose headers   'keep-alive': 'timeout=10, max=50',
27 verbose headers   connection: 'Keep-Alive' }
28 silly registry.get cb [ 404,
28 silly registry.get   { date: 'Sat, 11 Oct 2014 18:24:14 GMT',
28 silly registry.get     server: 'CouchDB/1.5.0 (Erlang OTP/R16B03)',
28 silly registry.get     'content-type': 'application/json',
28 silly registry.get     'cache-control': 'max-age=0',
28 silly registry.get     'content-length': '52',
28 silly registry.get     'accept-ranges': 'bytes',
28 silly registry.get     via: '1.1 varnish',
28 silly registry.get     age: '0',
28 silly registry.get     'x-served-by': 'cache-sjc3121-SJC',
28 silly registry.get     'x-cache': 'MISS',
28 silly registry.get     'x-cache-hits': '0',
28 silly registry.get     'x-timer': 'S1413051854.621323,VS0,VE152',
28 silly registry.get     'keep-alive': 'timeout=10, max=50',
28 silly registry.get     connection: 'Keep-Alive' } ]
29 silly lockFile 0a8a37b3-node-webkit node-webkit@
30 silly lockFile 0a8a37b3-node-webkit node-webkit@
31 error 404 404 Not Found: node-webkit
31 error 404
31 error 404 'node-webkit' is not in the npm registry.
31 error 404 You should bug the author to publish it
31 error 404
31 error 404 Maybe try 'npm search webkit'
31 error 404
31 error 404 Note that you can also install from a
31 error 404 tarball, folder, or http url, or git url.
32 error System Darwin 13.3.0
33 error command "/usr/local/opt/nvm/v0.10.30/bin/node" "/usr/local/opt/nvm/v0.10.30/bin/npm" "install" "-g" "node-webkit"
34 error cwd /Users/dansitu/code/projects/voice-app-store
35 error node -v v0.10.30
36 error npm -v 1.4.21
37 error code E404
38 verbose exit [ 1, true ]
